<?xml version="1.0" encoding="UTF-8"?>
<!-- Generated by org.testng.reporters.JUnitXMLReporter -->
<testsuite ignored="0" hostname="Shanti-Windows-Laptop" failures="0" tests="3" name="RegressionTest" time="126.366" errors="0" timestamp="2024-02-20T22:41:52 PST">
  <testcase classname="SalesforceAutomation.SFUserMenuTCs" name="TC05_UM" time="0.032"/>
  <testcase classname="SalesforceAutomation.SFUserMenuTCs" name="TC08_UM" time="51.563"/>
  <testcase classname="SalesforceAutomation.SFUserMenuTCs" name="TC09_UM" time="41.907"/>
</testsuite> <!-- RegressionTest -->
