<?xml version="1.0" encoding="UTF-8"?>
<testng-results ignored="0" total="3" passed="3" failed="0" skipped="0">
  <reporter-output>
  </reporter-output>
  <suite started-at="2024-02-20T22:39:44 PST" name="RegressionSuite" finished-at="2024-02-20T22:41:50 PST" duration-ms="126366">
    <groups>
    </groups>
    <test started-at="2024-02-20T22:39:44 PST" name="RegressionTest" finished-at="2024-02-20T22:41:50 PST" duration-ms="126366">
      <class name="SalesforceAutomation.SFUserMenuTCs">
        <test-method is-config="true" signature="setUpBeforeMethod(java.lang.String,org.testng.ITestResult)[pri:0, instance:SalesforceAutomation.SFUserMenuTCs@58fb7731]" started-at="2024-02-20T22:39:45 PST" name="setUpBeforeMethod" finished-at="2024-02-20T22:39:54 PST" duration-ms="8939" status="PASS">
          <params>
            <param index="0">
              <value>
                <![CDATA[chrome]]>
              </value>
            </param>
            <param index="1">
              <value>
                <![CDATA[[TestResult name={null} status=CREATED method=SFUserMenuTCs.TC05_UM()[pri:0, instance:SalesforceAutomation.SFUserMenuTCs@58fb7731] output={null}]]]>
              </value>
            </param>
          </params>
          <reporter-output>
          </reporter-output>
        </test-method> <!-- setUpBeforeMethod -->
        <test-method signature="TC05_UM()[pri:0, instance:SalesforceAutomation.SFUserMenuTCs@58fb7731]" started-at="2024-02-20T22:39:54 PST" name="TC05_UM" finished-at="2024-02-20T22:39:54 PST" duration-ms="32" status="PASS">
          <reporter-output>
          </reporter-output>
        </test-method> <!-- TC05_UM -->
        <test-method is-config="true" signature="tearDownAfterTestMethod()[pri:0, instance:SalesforceAutomation.SFUserMenuTCs@58fb7731]" started-at="2024-02-20T22:39:54 PST" name="tearDownAfterTestMethod" finished-at="2024-02-20T22:39:55 PST" duration-ms="870" status="PASS">
          <reporter-output>
          </reporter-output>
        </test-method> <!-- tearDownAfterTestMethod -->
        <test-method is-config="true" signature="setUpBeforeMethod(java.lang.String,org.testng.ITestResult)[pri:0, instance:SalesforceAutomation.SFUserMenuTCs@58fb7731]" started-at="2024-02-20T22:39:55 PST" name="setUpBeforeMethod" finished-at="2024-02-20T22:40:01 PST" duration-ms="6203" status="PASS">
          <params>
            <param index="0">
              <value>
                <![CDATA[chrome]]>
              </value>
            </param>
            <param index="1">
              <value>
                <![CDATA[[TestResult name={null} status=CREATED method=SFUserMenuTCs.TC08_UM()[pri:0, instance:SalesforceAutomation.SFUserMenuTCs@58fb7731] output={null}]]]>
              </value>
            </param>
          </params>
          <reporter-output>
          </reporter-output>
        </test-method> <!-- setUpBeforeMethod -->
        <test-method signature="TC08_UM()[pri:0, instance:SalesforceAutomation.SFUserMenuTCs@58fb7731]" started-at="2024-02-20T22:40:01 PST" name="TC08_UM" finished-at="2024-02-20T22:40:52 PST" duration-ms="51563" status="PASS">
          <reporter-output>
          </reporter-output>
        </test-method> <!-- TC08_UM -->
        <test-method is-config="true" signature="tearDownAfterTestMethod()[pri:0, instance:SalesforceAutomation.SFUserMenuTCs@58fb7731]" started-at="2024-02-20T22:40:52 PST" name="tearDownAfterTestMethod" finished-at="2024-02-20T22:40:55 PST" duration-ms="2728" status="PASS">
          <reporter-output>
          </reporter-output>
        </test-method> <!-- tearDownAfterTestMethod -->
        <test-method is-config="true" signature="setUpBeforeMethod(java.lang.String,org.testng.ITestResult)[pri:0, instance:SalesforceAutomation.SFUserMenuTCs@58fb7731]" started-at="2024-02-20T22:40:55 PST" name="setUpBeforeMethod" finished-at="2024-02-20T22:41:06 PST" duration-ms="10914" status="PASS">
          <params>
            <param index="0">
              <value>
                <![CDATA[chrome]]>
              </value>
            </param>
            <param index="1">
              <value>
                <![CDATA[[TestResult name={null} status=CREATED method=SFUserMenuTCs.TC09_UM()[pri:0, instance:SalesforceAutomation.SFUserMenuTCs@58fb7731] output={null}]]]>
              </value>
            </param>
          </params>
          <reporter-output>
          </reporter-output>
        </test-method> <!-- setUpBeforeMethod -->
        <test-method signature="TC09_UM()[pri:0, instance:SalesforceAutomation.SFUserMenuTCs@58fb7731]" started-at="2024-02-20T22:41:06 PST" name="TC09_UM" finished-at="2024-02-20T22:41:48 PST" duration-ms="41907" status="PASS">
          <reporter-output>
          </reporter-output>
        </test-method> <!-- TC09_UM -->
        <test-method is-config="true" signature="tearDownAfterTestMethod()[pri:0, instance:SalesforceAutomation.SFUserMenuTCs@58fb7731]" started-at="2024-02-20T22:41:48 PST" name="tearDownAfterTestMethod" finished-at="2024-02-20T22:41:50 PST" duration-ms="2472" status="PASS">
          <reporter-output>
          </reporter-output>
        </test-method> <!-- tearDownAfterTestMethod -->
      </class> <!-- SalesforceAutomation.SFUserMenuTCs -->
    </test> <!-- RegressionTest -->
  </suite> <!-- RegressionSuite -->
</testng-results>
